<?xml version="1.0" encoding="UTF-8"?>
<!-- Generated by org.testng.reporters.JUnitReportReporter -->
<testsuite hostname="LAPTOP-D53S7NRA" failures="0" tests="3" name="org.qa.testcases.Logintest" time="86.536" errors="0" timestamp="2023-06-29T19:20:09 CDT" skipped="0">
  <testcase classname="org.qa.testcases.Logintest" name="titleverification" time="25.253"/>
  <testcase classname="org.qa.testcases.Logintest" name="imageverification" time="22.175"/>
  <testcase classname="org.qa.testcases.Logintest" name="loginverifcation" time="39.108"/>
</testsuite> <!-- org.qa.testcases.Logintest -->
