<?xml version="1.0" encoding="UTF-8"?>
<!-- Generated by org.testng.reporters.JUnitReportReporter -->
<testsuite hostname="LAPTOP-D53S7NRA" failures="0" tests="1" name="org.qa.testcases.Homepagetest" time="111.897" errors="0" timestamp="2023-06-29T19:50:43 CDT" skipped="0">
  <testcase classname="org.qa.testcases.Homepagetest" name="verifyinghomepagetiletest" time="111.897"/>
</testsuite> <!-- org.qa.testcases.Homepagetest -->
